<?xml version="1.0" encoding="UTF-8"?>
<!-- Generated by org.testng.reporters.JUnitReportReporter -->
<testsuite hostname="LAPTOP-I956N8A5" name="testNG.B" tests="2" failures="0" timestamp="13 Mar 2020 04:55:28 GMT" time="0.036" errors="0">
  <testcase name="tc1" time="0.034" classname="testNG.B"/>
  <testcase name="tc2" time="0.002" classname="testNG.B"/>
</testsuite> <!-- testNG.B -->
