<?xml version="1.0" encoding="UTF-8"?>
<!-- Generated by org.testng.reporters.JUnitReportReporter -->
<testsuite hostname="LAPTOP-I956N8A5" name="testNG.samp" tests="2" failures="0" timestamp="4 Feb 2020 12:26:20 GMT" time="25.125" errors="0">
  <testcase name="test4" time="6.709" classname="testNG.samp"/>
  <testcase name="test3" time="18.416" classname="testNG.samp"/>
</testsuite> <!-- testNG.samp -->
