<?xml version="1.0" encoding="UTF-8"?>
<!-- Generated by org.testng.reporters.JUnitReportReporter -->
<testsuite hostname="LAPTOP-I956N8A5" name="testNG.Sample" tests="3" failures="0" timestamp="26 Nov 2021 17:59:55 GMT" time="0.019" errors="0">
  <testcase name="tc1" time="0.008" classname="testNG.Sample"/>
  <testcase name="tc2" time="0.007" classname="testNG.Sample"/>
  <testcase name="tc3" time="0.004" classname="testNG.Sample"/>
</testsuite> <!-- testNG.Sample -->
